# JRE version: OpenJDK Runtime Environment Temurin-21.0.7+6 (21.0.7+6) (build 21.0.7+6-LTS)
# Java VM: OpenJDK 64-Bit Server VM Temurin-21.0.7+6 (21.0.7+6-LTS, mixed mode, sharing, tiered, compressed oops, compressed class ptrs, parallel gc, windows-amd64)
GC Precious Log:
 CardTable entry size: 512
 CPUs: 12 total, 12 available
 Memory: 5989M
 Large Page Support: Disabled
 NUMA Support: Disabled
 Compressed Oops: Enabled (32-bit)
 Alignments: Space 512K, Generation 512K, Heap 2M
 Heap Min Capacity: 100M
 Heap Initial Capacity: 100M
 Heap Max Capacity: 1G
 Pre-touch: Disabled
 Parallel Workers: 10
Heap:
 PSYoungGen      total 17408K, used 16024K [0x00000000eab00000, 0x00000000ecc80000, 0x0000000100000000)
  eden space 13824K, 90% used [0x00000000eab00000,0x00000000eb72acb0,0x00000000eb880000)
  from space 3584K, 99% used [0x00000000ec100000,0x00000000ec47b4a8,0x00000000ec480000)
  to   space 8704K, 0% used [0x00000000eb880000,0x00000000eb880000,0x00000000ec100000)
 ParOldGen       total 68608K, used 66060K [0x00000000c0000000, 0x00000000c4300000, 0x00000000eab00000)
  object space 68608K, 96% used [0x00000000c0000000,0x00000000c4083098,0x00000000c4300000)
 Metaspace       used 48495K, committed 49728K, reserved 1114112K
  class space    used 5135K, committed 5696K, reserved 1048576K
GC Heap History (20 events):
Event: 22.644 GC heap before
{Heap before GC invocations=27 (full 2):
 PSYoungGen      total 19968K, used 19947K [0x00000000eab00000, 0x00000000eca00000, 0x0000000100000000)
  eden space 17408K, 100% used [0x00000000eab00000,0x00000000ebc00000,0x00000000ebc00000)
  from space 2560K, 99% used [0x00000000ec180000,0x00000000ec3fac70,0x00000000ec400000)
  to   space 5632K, 0% used [0x00000000ebc00000,0x00000000ebc00000,0x00000000ec180000)
 ParOldGen       total 68608K, used 36129K [0x00000000c0000000, 0x00000000c4300000, 0x00000000eab00000)
  object space 68608K, 52% used [0x00000000c0000000,0x00000000c2348668,0x00000000c4300000)
 Metaspace       used 46983K, committed 48192K, reserved 1114112K
  class space    used 4980K, committed 5504K, reserved 1048576K
}
Event: 22.648 GC heap after
{Heap after GC invocations=27 (full 2):
 PSYoungGen      total 19456K, used 1813K [0x00000000eab00000, 0x00000000ec200000, 0x0000000100000000)
  eden space 17408K, 0% used [0x00000000eab00000,0x00000000eab00000,0x00000000ebc00000)
  from space 2048K, 88% used [0x00000000ebc00000,0x00000000ebdc5640,0x00000000ebe00000)
  to   space 3072K, 0% used [0x00000000ebf00000,0x00000000ebf00000,0x00000000ec200000)
 ParOldGen       total 68608K, used 38552K [0x00000000c0000000, 0x00000000c4300000, 0x00000000eab00000)
  object space 68608K, 56% used [0x00000000c0000000,0x00000000c25a60a0,0x00000000c4300000)
 Metaspace       used 46983K, committed 48192K, reserved 1114112K
  class space    used 4980K, committed 5504K, reserved 1048576K
}
Event: 22.707 GC heap before
{Heap before GC invocations=28 (full 2):
 PSYoungGen      total 19456K, used 19221K [0x00000000eab00000, 0x00000000ec200000, 0x0000000100000000)
  eden space 17408K, 100% used [0x00000000eab00000,0x00000000ebc00000,0x00000000ebc00000)
  from space 2048K, 88% used [0x00000000ebc00000,0x00000000ebdc5640,0x00000000ebe00000)
  to   space 3072K, 0% used [0x00000000ebf00000,0x00000000ebf00000,0x00000000ec200000)
 ParOldGen       total 68608K, used 38552K [0x00000000c0000000, 0x00000000c4300000, 0x00000000eab00000)
  object space 68608K, 56% used [0x00000000c0000000,0x00000000c25a60a0,0x00000000c4300000)
 Metaspace       used 47191K, committed 48448K, reserved 1114112K
  class space    used 5001K, committed 5568K, reserved 1048576K
}
Event: 22.710 GC heap after
{Heap after GC invocations=28 (full 2):
 PSYoungGen      total 19456K, used 1863K [0x00000000eab00000, 0x00000000ec100000, 0x0000000100000000)
  eden space 17408K, 0% used [0x00000000eab00000,0x00000000eab00000,0x00000000ebc00000)
  from space 2048K, 90% used [0x00000000ebf00000,0x00000000ec0d1e30,0x00000000ec100000)
  to   space 2048K, 0% used [0x00000000ebc00000,0x00000000ebc00000,0x00000000ebe00000)
 ParOldGen       total 68608K, used 40196K [0x00000000c0000000, 0x00000000c4300000, 0x00000000eab00000)
  object space 68608K, 58% used [0x00000000c0000000,0x00000000c2741270,0x00000000c4300000)
 Metaspace       used 47191K, committed 48448K, reserved 1114112K
  class space    used 5001K, committed 5568K, reserved 1048576K
}
Event: 22.808 GC heap before
{Heap before GC invocations=29 (full 2):
 PSYoungGen      total 19456K, used 18601K [0x00000000eab00000, 0x00000000ec100000, 0x0000000100000000)
  eden space 17408K, 96% used [0x00000000eab00000,0x00000000ebb586f8,0x00000000ebc00000)
  from space 2048K, 90% used [0x00000000ebf00000,0x00000000ec0d1e30,0x00000000ec100000)
  to   space 2048K, 0% used [0x00000000ebc00000,0x00000000ebc00000,0x00000000ebe00000)
 ParOldGen       total 68608K, used 40196K [0x00000000c0000000, 0x00000000c4300000, 0x00000000eab00000)
  object space 68608K, 58% used [0x00000000c0000000,0x00000000c2741270,0x00000000c4300000)
 Metaspace       used 47374K, committed 48640K, reserved 1114112K
  class space    used 5018K, committed 5568K, reserved 1048576K
}
Event: 22.810 GC heap after
{Heap after GC invocations=29 (full 2):
 PSYoungGen      total 19456K, used 2020K [0x00000000eab00000, 0x00000000ec500000, 0x0000000100000000)
  eden space 17408K, 0% used [0x00000000eab00000,0x00000000eab00000,0x00000000ebc00000)
  from space 2048K, 98% used [0x00000000ebc00000,0x00000000ebdf9120,0x00000000ebe00000)
  to   space 4608K, 0% used [0x00000000ec080000,0x00000000ec080000,0x00000000ec500000)
 ParOldGen       total 68608K, used 42190K [0x00000000c0000000, 0x00000000c4300000, 0x00000000eab00000)
  object space 68608K, 61% used [0x00000000c0000000,0x00000000c29338e8,0x00000000c4300000)
 Metaspace       used 47374K, committed 48640K, reserved 1114112K
  class space    used 5018K, committed 5568K, reserved 1048576K
}
Event: 22.921 GC heap before
{Heap before GC invocations=30 (full 2):
 PSYoungGen      total 19456K, used 19428K [0x00000000eab00000, 0x00000000ec500000, 0x0000000100000000)
  eden space 17408K, 100% used [0x00000000eab00000,0x00000000ebc00000,0x00000000ebc00000)
  from space 2048K, 98% used [0x00000000ebc00000,0x00000000ebdf9120,0x00000000ebe00000)
  to   space 4608K, 0% used [0x00000000ec080000,0x00000000ec080000,0x00000000ec500000)
 ParOldGen       total 68608K, used 42190K [0x00000000c0000000, 0x00000000c4300000, 0x00000000eab00000)
  object space 68608K, 61% used [0x00000000c0000000,0x00000000c29338e8,0x00000000c4300000)
 Metaspace       used 47774K, committed 49024K, reserved 1114112K
  class space    used 5046K, committed 5632K, reserved 1048576K
}
Event: 22.927 GC heap after
{Heap after GC invocations=30 (full 2):
 PSYoungGen      total 21504K, used 4526K [0x00000000eab00000, 0x00000000ec600000, 0x0000000100000000)
  eden space 16896K, 0% used [0x00000000eab00000,0x00000000eab00000,0x00000000ebb80000)
  from space 4608K, 98% used [0x00000000ec080000,0x00000000ec4eb988,0x00000000ec500000)
  to   space 5120K, 0% used [0x00000000ebb80000,0x00000000ebb80000,0x00000000ec080000)
 ParOldGen       total 68608K, used 44067K [0x00000000c0000000, 0x00000000c4300000, 0x00000000eab00000)
  object space 68608K, 64% used [0x00000000c0000000,0x00000000c2b08dd0,0x00000000c4300000)
 Metaspace       used 47774K, committed 49024K, reserved 1114112K
  class space    used 5046K, committed 5632K, reserved 1048576K
}
Event: 23.057 GC heap before
{Heap before GC invocations=31 (full 2):
 PSYoungGen      total 21504K, used 21422K [0x00000000eab00000, 0x00000000ec600000, 0x0000000100000000)
  eden space 16896K, 100% used [0x00000000eab00000,0x00000000ebb80000,0x00000000ebb80000)
  from space 4608K, 98% used [0x00000000ec080000,0x00000000ec4eb988,0x00000000ec500000)
  to   space 5120K, 0% used [0x00000000ebb80000,0x00000000ebb80000,0x00000000ec080000)
 ParOldGen       total 68608K, used 44067K [0x00000000c0000000, 0x00000000c4300000, 0x00000000eab00000)
  object space 68608K, 64% used [0x00000000c0000000,0x00000000c2b08dd0,0x00000000c4300000)
 Metaspace       used 48100K, committed 49280K, reserved 1114112K
  class space    used 5089K, committed 5632K, reserved 1048576K
}
Event: 23.061 GC heap after
{Heap after GC invocations=31 (full 2):
 PSYoungGen      total 20480K, used 3378K [0x00000000eab00000, 0x00000000ec380000, 0x0000000100000000)
  eden space 16896K, 0% used [0x00000000eab00000,0x00000000eab00000,0x00000000ebb80000)
  from space 3584K, 94% used [0x00000000ebb80000,0x00000000ebecc8b8,0x00000000ebf00000)
  to   space 4096K, 0% used [0x00000000ebf80000,0x00000000ebf80000,0x00000000ec380000)
 ParOldGen       total 68608K, used 48303K [0x00000000c0000000, 0x00000000c4300000, 0x00000000eab00000)
  object space 68608K, 70% used [0x00000000c0000000,0x00000000c2f2bfe8,0x00000000c4300000)
 Metaspace       used 48100K, committed 49280K, reserved 1114112K
  class space    used 5089K, committed 5632K, reserved 1048576K
}
Event: 23.190 GC heap before
{Heap before GC invocations=32 (full 2):
 PSYoungGen      total 20480K, used 20274K [0x00000000eab00000, 0x00000000ec380000, 0x0000000100000000)
  eden space 16896K, 100% used [0x00000000eab00000,0x00000000ebb80000,0x00000000ebb80000)
  from space 3584K, 94% used [0x00000000ebb80000,0x00000000ebecc8b8,0x00000000ebf00000)
  to   space 4096K, 0% used [0x00000000ebf80000,0x00000000ebf80000,0x00000000ec380000)
 ParOldGen       total 68608K, used 48303K [0x00000000c0000000, 0x00000000c4300000, 0x00000000eab00000)
  object space 68608K, 70% used [0x00000000c0000000,0x00000000c2f2bfe8,0x00000000c4300000)
 Metaspace       used 48276K, committed 49408K, reserved 1114112K
  class space    used 5105K, committed 5632K, reserved 1048576K
}
Event: 23.193 GC heap after
{Heap after GC invocations=32 (full 2):
 PSYoungGen      total 20480K, used 3153K [0x00000000eab00000, 0x00000000ec300000, 0x0000000100000000)
  eden space 16896K, 0% used [0x00000000eab00000,0x00000000eab00000,0x00000000ebb80000)
  from space 3584K, 87% used [0x00000000ebf80000,0x00000000ec294600,0x00000000ec300000)
  to   space 3584K, 0% used [0x00000000ebb80000,0x00000000ebb80000,0x00000000ebf00000)
 ParOldGen       total 68608K, used 51398K [0x00000000c0000000, 0x00000000c4300000, 0x00000000eab00000)
  object space 68608K, 74% used [0x00000000c0000000,0x00000000c32318c0,0x00000000c4300000)
 Metaspace       used 48276K, committed 49408K, reserved 1114112K
  class space    used 5105K, committed 5632K, reserved 1048576K
}
Event: 23.335 GC heap before
{Heap before GC invocations=33 (full 2):
 PSYoungGen      total 20480K, used 20049K [0x00000000eab00000, 0x00000000ec300000, 0x0000000100000000)
  eden space 16896K, 100% used [0x00000000eab00000,0x00000000ebb80000,0x00000000ebb80000)
  from space 3584K, 87% used [0x00000000ebf80000,0x00000000ec294600,0x00000000ec300000)
  to   space 3584K, 0% used [0x00000000ebb80000,0x00000000ebb80000,0x00000000ebf00000)
 ParOldGen       total 68608K, used 51398K [0x00000000c0000000, 0x00000000c4300000, 0x00000000eab00000)
  object space 68608K, 74% used [0x00000000c0000000,0x00000000c32318c0,0x00000000c4300000)
 Metaspace       used 48480K, committed 49728K, reserved 1114112K
  class space    used 5135K, committed 5696K, reserved 1048576K
}
Event: 23.340 GC heap after
{Heap after GC invocations=33 (full 2):
 PSYoungGen      total 20480K, used 3572K [0x00000000eab00000, 0x00000000eca80000, 0x0000000100000000)
  eden space 16896K, 0% used [0x00000000eab00000,0x00000000eab00000,0x00000000ebb80000)
  from space 3584K, 99% used [0x00000000ebb80000,0x00000000ebefd000,0x00000000ebf00000)
  to   space 7680K, 0% used [0x00000000ec300000,0x00000000ec300000,0x00000000eca80000)
 ParOldGen       total 68608K, used 54724K [0x00000000c0000000, 0x00000000c4300000, 0x00000000eab00000)
  object space 68608K, 79% used [0x00000000c0000000,0x00000000c3571318,0x00000000c4300000)
 Metaspace       used 48480K, committed 49728K, reserved 1114112K
  class space    used 5135K, committed 5696K, reserved 1048576K
}
Event: 23.530 GC heap before
{Heap before GC invocations=34 (full 2):
 PSYoungGen      total 20480K, used 20468K [0x00000000eab00000, 0x00000000eca80000, 0x0000000100000000)
  eden space 16896K, 100% used [0x00000000eab00000,0x00000000ebb80000,0x00000000ebb80000)
  from space 3584K, 99% used [0x00000000ebb80000,0x00000000ebefd000,0x00000000ebf00000)
  to   space 7680K, 0% used [0x00000000ec300000,0x00000000ec300000,0x00000000eca80000)
 ParOldGen       total 68608K, used 54724K [0x00000000c0000000, 0x00000000c4300000, 0x00000000eab00000)
  object space 68608K, 79% used [0x00000000c0000000,0x00000000c3571318,0x00000000c4300000)
 Metaspace       used 48480K, committed 49728K, reserved 1114112K
  class space    used 5135K, committed 5696K, reserved 1048576K
}
Event: 23.538 GC heap after
{Heap after GC invocations=34 (full 2):
 PSYoungGen      total 20992K, used 4094K [0x00000000eab00000, 0x00000000ec700000, 0x0000000100000000)
  eden space 16896K, 0% used [0x00000000eab00000,0x00000000eab00000,0x00000000ebb80000)
  from space 4096K, 99% used [0x00000000ec300000,0x00000000ec6ff988,0x00000000ec700000)
  to   space 5120K, 0% used [0x00000000ebd00000,0x00000000ebd00000,0x00000000ec200000)
 ParOldGen       total 68608K, used 58171K [0x00000000c0000000, 0x00000000c4300000, 0x00000000eab00000)
  object space 68608K, 84% used [0x00000000c0000000,0x00000000c38cef10,0x00000000c4300000)
 Metaspace       used 48480K, committed 49728K, reserved 1114112K
  class space    used 5135K, committed 5696K, reserved 1048576K
}
Event: 23.914 GC heap before
{Heap before GC invocations=35 (full 2):
 PSYoungGen      total 20992K, used 20990K [0x00000000eab00000, 0x00000000ec700000, 0x0000000100000000)
  eden space 16896K, 100% used [0x00000000eab00000,0x00000000ebb80000,0x00000000ebb80000)
  from space 4096K, 99% used [0x00000000ec300000,0x00000000ec6ff988,0x00000000ec700000)
  to   space 5120K, 0% used [0x00000000ebd00000,0x00000000ebd00000,0x00000000ec200000)
 ParOldGen       total 68608K, used 58171K [0x00000000c0000000, 0x00000000c4300000, 0x00000000eab00000)
  object space 68608K, 84% used [0x00000000c0000000,0x00000000c38cef10,0x00000000c4300000)
 Metaspace       used 48485K, committed 49728K, reserved 1114112K
  class space    used 5135K, committed 5696K, reserved 1048576K
}
Event: 23.921 GC heap after
{Heap after GC invocations=35 (full 2):
 PSYoungGen      total 20992K, used 3997K [0x00000000eab00000, 0x00000000ec480000, 0x0000000100000000)
  eden space 16896K, 0% used [0x00000000eab00000,0x00000000eab00000,0x00000000ebb80000)
  from space 4096K, 97% used [0x00000000ebd00000,0x00000000ec0e76d8,0x00000000ec100000)
  to   space 3584K, 0% used [0x00000000ec100000,0x00000000ec100000,0x00000000ec480000)
 ParOldGen       total 68608K, used 61969K [0x00000000c0000000, 0x00000000c4300000, 0x00000000eab00000)
  object space 68608K, 90% used [0x00000000c0000000,0x00000000c3c84578,0x00000000c4300000)
 Metaspace       used 48485K, committed 49728K, reserved 1114112K
  class space    used 5135K, committed 5696K, reserved 1048576K
}
Event: 24.086 GC heap before
{Heap before GC invocations=36 (full 2):
 PSYoungGen      total 20992K, used 20888K [0x00000000eab00000, 0x00000000ec480000, 0x0000000100000000)
  eden space 16896K, 99% used [0x00000000eab00000,0x00000000ebb7e9b0,0x00000000ebb80000)
  from space 4096K, 97% used [0x00000000ebd00000,0x00000000ec0e76d8,0x00000000ec100000)
  to   space 3584K, 0% used [0x00000000ec100000,0x00000000ec100000,0x00000000ec480000)
 ParOldGen       total 68608K, used 61969K [0x00000000c0000000, 0x00000000c4300000, 0x00000000eab00000)
  object space 68608K, 90% used [0x00000000c0000000,0x00000000c3c84578,0x00000000c4300000)
 Metaspace       used 48490K, committed 49728K, reserved 1114112K
  class space    used 5135K, committed 5696K, reserved 1048576K
}
Event: 24.090 GC heap after
{Heap after GC invocations=36 (full 2):
 PSYoungGen      total 17408K, used 3565K [0x00000000eab00000, 0x00000000ecc80000, 0x0000000100000000)
  eden space 13824K, 0% used [0x00000000eab00000,0x00000000eab00000,0x00000000eb880000)
  from space 3584K, 99% used [0x00000000ec100000,0x00000000ec47b4a8,0x00000000ec480000)
  to   space 8704K, 0% used [0x00000000eb880000,0x00000000eb880000,0x00000000ec100000)
 ParOldGen       total 68608K, used 66060K [0x00000000c0000000, 0x00000000c4300000, 0x00000000eab00000)
  object space 68608K, 96% used [0x00000000c0000000,0x00000000c4083098,0x00000000c4300000)
 Metaspace       used 48490K, committed 49728K, reserved 1114112K
  class space    used 5135K, committed 5696K, reserved 1048576K
}

